<?xml version="1.0" encoding="UTF-8"?>
<robot generator="Robot 3.2.2 (Python 3.8.2 on win32)" generated="20201210 11:11:13.921" rpa="false">
<suite id="s1" name="Testcase4" source="C:\Users\akkv\PycharmProjects\pythonautomation\TestCases\Testcase4.robot">
<test id="s1-t1" name="Registration check">
<kw name="Get Selenium Speed" library="SeleniumLibrary">
<doc>Gets the delay that is waited after each Selenium command.</doc>
<assign>
<var>${speed}</var>
</assign>
<msg timestamp="20201210 11:11:16.190" level="INFO">${speed} = 0 seconds</msg>
<status status="PASS" starttime="20201210 11:11:16.189" endtime="20201210 11:11:16.190"></status>
</kw>
<kw name="Log To Console" library="BuiltIn">
<doc>Logs the given message to the console.</doc>
<arguments>
<arg>${speed}</arg>
</arguments>
<status status="PASS" starttime="20201210 11:11:16.190" endtime="20201210 11:11:16.191"></status>
</kw>
<kw name="Open Browser" library="SeleniumLibrary">
<doc>Opens a new browser instance to the optional ``url``.</doc>
<arguments>
<arg>${url}</arg>
<arg>${browser}</arg>
</arguments>
<msg timestamp="20201210 11:11:16.192" level="INFO">Opening browser 'Chrome' to base url 'https://accounts.google.com/signup/v2/webcreateaccount?hl=en&amp;flowName=GlifWebSignIn&amp;flowEntry=SignUp'.</msg>
<status status="PASS" starttime="20201210 11:11:16.191" endtime="20201210 11:11:31.221"></status>
</kw>
<kw name="Maximize Browser Window" library="SeleniumLibrary">
<doc>Maximizes current browser window.</doc>
<status status="PASS" starttime="20201210 11:11:31.236" endtime="20201210 11:11:33.372"></status>
</kw>
<kw name="Set Selenium Speed" library="SeleniumLibrary">
<doc>Sets the delay that is waited after each Selenium command.</doc>
<arguments>
<arg>3 seconds</arg>
</arguments>
<status status="PASS" starttime="20201210 11:11:33.373" endtime="20201210 11:11:33.374"></status>
</kw>
<kw name="Input Text" library="SeleniumLibrary">
<doc>Types the given ``text`` into the text field identified by ``locator``.</doc>
<arguments>
<arg>name:firstName</arg>
<arg>Anjali</arg>
</arguments>
<msg timestamp="20201210 11:11:33.376" level="INFO">Typing text 'Anjali' into text field 'name:firstName'.</msg>
<status status="PASS" starttime="20201210 11:11:33.376" endtime="20201210 11:11:42.782"></status>
</kw>
<kw name="Input Text" library="SeleniumLibrary">
<doc>Types the given ``text`` into the text field identified by ``locator``.</doc>
<arguments>
<arg>name:lastName</arg>
<arg>K V</arg>
</arguments>
<msg timestamp="20201210 11:11:42.783" level="INFO">Typing text 'K V' into text field 'name:lastName'.</msg>
<status status="PASS" starttime="20201210 11:11:42.782" endtime="20201210 11:11:52.003"></status>
</kw>
<kw name="Input Text" library="SeleniumLibrary">
<doc>Types the given ``text`` into the text field identified by ``locator``.</doc>
<arguments>
<arg>name:Username</arg>
<arg>kvanjali95</arg>
</arguments>
<msg timestamp="20201210 11:11:52.004" level="INFO">Typing text 'kvanjali95' into text field 'name:Username'.</msg>
<status status="PASS" starttime="20201210 11:11:52.004" endtime="20201210 11:12:01.425"></status>
</kw>
<kw name="Input Text" library="SeleniumLibrary">
<doc>Types the given ``text`` into the text field identified by ``locator``.</doc>
<arguments>
<arg>name:Passwd</arg>
<arg>lilly1995</arg>
</arguments>
<msg timestamp="20201210 11:12:01.428" level="INFO">Typing text 'lilly1995' into text field 'name:Passwd'.</msg>
<status status="PASS" starttime="20201210 11:12:01.427" endtime="20201210 11:12:10.852"></status>
</kw>
<kw name="Input Text" library="SeleniumLibrary">
<doc>Types the given ``text`` into the text field identified by ``locator``.</doc>
<arguments>
<arg>name:ConfirmPasswd</arg>
<arg>lilly1995</arg>
</arguments>
<msg timestamp="20201210 11:12:10.853" level="INFO">Typing text 'lilly1995' into text field 'name:ConfirmPasswd'.</msg>
<status status="PASS" starttime="20201210 11:12:10.853" endtime="20201210 11:12:20.272"></status>
</kw>
<kw name="Close Browser" library="SeleniumLibrary">
<doc>Closes the current browser.</doc>
<status status="PASS" starttime="20201210 11:12:20.272" endtime="20201210 11:12:25.607"></status>
</kw>
<status status="PASS" starttime="20201210 11:11:16.188" endtime="20201210 11:12:25.607" critical="yes"></status>
</test>
<status status="PASS" starttime="20201210 11:11:13.927" endtime="20201210 11:12:25.610"></status>
</suite>
<statistics>
<total>
<stat pass="1" fail="0">Critical Tests</stat>
<stat pass="1" fail="0">All Tests</stat>
</total>
<tag>
</tag>
<suite>
<stat pass="1" fail="0" id="s1" name="Testcase4">Testcase4</stat>
</suite>
</statistics>
<errors>
</errors>
</robot>
